[26-Mar-2022 13:13:35 Asia/Jakarta] PHP Warning:  include_once(skp.php): Failed to open stream: No such file or directory in D:\nial_app\akre\App\ark\aksi.php on line 3
[26-Mar-2022 13:13:35 Asia/Jakarta] PHP Warning:  include_once(): Failed opening 'skp.php' for inclusion (include_path='.;C:\php\pear') in D:\nial_app\akre\App\ark\aksi.php on line 3
[26-Mar-2022 13:14:08 Asia/Jakarta] PHP Warning:  include_once(skp.php): Failed to open stream: No such file or directory in D:\nial_app\akre\App\ark\aksi.php on line 3
[26-Mar-2022 13:14:08 Asia/Jakarta] PHP Warning:  include_once(): Failed opening 'skp.php' for inclusion (include_path='.;C:\php\pear') in D:\nial_app\akre\App\ark\aksi.php on line 3
[26-Mar-2022 13:14:16 Asia/Jakarta] PHP Warning:  include_once(skp.php): Failed to open stream: No such file or directory in D:\nial_app\akre\App\ark\aksi.php on line 3
[26-Mar-2022 13:14:16 Asia/Jakarta] PHP Warning:  include_once(): Failed opening 'skp.php' for inclusion (include_path='.;C:\php\pear') in D:\nial_app\akre\App\ark\aksi.php on line 3
[26-Mar-2022 13:14:57 Asia/Jakarta] PHP Warning:  include_once(skp.php): Failed to open stream: No such file or directory in D:\nial_app\akre\App\ark\aksi.php on line 3
[26-Mar-2022 13:14:57 Asia/Jakarta] PHP Warning:  include_once(): Failed opening 'skp.php' for inclusion (include_path='.;C:\php\pear') in D:\nial_app\akre\App\ark\aksi.php on line 3
[07-Apr-2022 11:31:56 Asia/Jakarta] PHP Warning:  Undefined variable $result in D:\nial_app\akre\App\ark\ark.php on line 80
[07-Apr-2022 11:31:56 Asia/Jakarta] PHP Warning:  Trying to access array offset on value of type null in D:\nial_app\akre\App\ark\ark.php on line 80
[07-Apr-2022 11:32:16 Asia/Jakarta] PHP Warning:  Undefined variable $result in D:\nial_app\akre\App\ark\ark.php on line 80
[07-Apr-2022 11:32:16 Asia/Jakarta] PHP Warning:  Trying to access array offset on value of type null in D:\nial_app\akre\App\ark\ark.php on line 80
[07-Apr-2022 11:32:20 Asia/Jakarta] PHP Warning:  Undefined variable $result in D:\nial_app\akre\App\ark\ark.php on line 80
[07-Apr-2022 11:32:20 Asia/Jakarta] PHP Warning:  Trying to access array offset on value of type null in D:\nial_app\akre\App\ark\ark.php on line 80
[07-Apr-2022 12:02:08 Asia/Jakarta] PHP Warning:  include(conn.php): Failed to open stream: No such file or directory in D:\nial_app\akre\App\ark\ark.php on line 111
[07-Apr-2022 12:02:08 Asia/Jakarta] PHP Warning:  include(): Failed opening 'conn.php' for inclusion (include_path='.;C:\php\pear') in D:\nial_app\akre\App\ark\ark.php on line 111
[07-Apr-2022 12:02:08 Asia/Jakarta] PHP Warning:  Undefined variable $id_karyawan in D:\nial_app\akre\App\ark\ark.php on line 112
[07-Apr-2022 12:02:08 Asia/Jakarta] PHP Fatal error:  Uncaught Error: Call to undefined function mysqli_fetch_array() in D:\nial_app\akre\App\ark\ark.php:113
Stack trace:
#0 {main}
  thrown in D:\nial_app\akre\App\ark\ark.php on line 113
[07-Apr-2022 12:02:49 Asia/Jakarta] PHP Warning:  Undefined variable $id_karyawan in D:\nial_app\akre\App\ark\ark.php on line 112
[07-Apr-2022 12:03:31 Asia/Jakarta] PHP Warning:  Undefined variable $id_karyawan in D:\nial_app\akre\App\ark\ark.php on line 112
[07-Apr-2022 12:03:38 Asia/Jakarta] PHP Warning:  Undefined variable $id_karyawan in D:\nial_app\akre\App\ark\ark.php on line 112
[07-Apr-2022 12:03:54 Asia/Jakarta] PHP Warning:  Undefined variable $id_karyawan in D:\nial_app\akre\App\ark\ark.php on line 113
[07-Apr-2022 12:03:58 Asia/Jakarta] PHP Warning:  Undefined variable $id_karyawan in D:\nial_app\akre\App\ark\ark.php on line 113
[07-Apr-2022 12:03:58 Asia/Jakarta] PHP Warning:  Undefined array key "upload" in D:\nial_app\akre\App\ark\aksi.php on line 5
[07-Apr-2022 12:05:06 Asia/Jakarta] PHP Warning:  Undefined variable $id_karyawan in D:\nial_app\akre\App\ark\ark.php on line 114
[07-Apr-2022 12:05:06 Asia/Jakarta] PHP Warning:  Undefined array key "upload" in D:\nial_app\akre\App\ark\aksi.php on line 5
[07-Apr-2022 12:05:08 Asia/Jakarta] PHP Warning:  Undefined variable $id_karyawan in D:\nial_app\akre\App\ark\ark.php on line 114
[07-Apr-2022 12:05:08 Asia/Jakarta] PHP Warning:  Undefined array key "upload" in D:\nial_app\akre\App\ark\aksi.php on line 5
[07-Apr-2022 12:05:45 Asia/Jakarta] PHP Warning:  Undefined variable $id_karyawan in D:\nial_app\akre\App\ark\ark.php on line 113
[07-Apr-2022 12:05:45 Asia/Jakarta] PHP Warning:  Undefined array key "upload" in D:\nial_app\akre\App\ark\aksi.php on line 5
[07-Apr-2022 12:05:47 Asia/Jakarta] PHP Warning:  Undefined variable $id_karyawan in D:\nial_app\akre\App\ark\ark.php on line 113
[07-Apr-2022 12:05:47 Asia/Jakarta] PHP Warning:  Undefined array key "upload" in D:\nial_app\akre\App\ark\aksi.php on line 5
[07-Apr-2022 12:05:47 Asia/Jakarta] PHP Warning:  Undefined variable $id_karyawan in D:\nial_app\akre\App\ark\ark.php on line 113
[07-Apr-2022 12:05:47 Asia/Jakarta] PHP Warning:  Undefined array key "upload" in D:\nial_app\akre\App\ark\aksi.php on line 5
[07-Apr-2022 12:05:48 Asia/Jakarta] PHP Warning:  Undefined variable $id_karyawan in D:\nial_app\akre\App\ark\ark.php on line 113
[07-Apr-2022 12:05:48 Asia/Jakarta] PHP Warning:  Undefined array key "upload" in D:\nial_app\akre\App\ark\aksi.php on line 5
[07-Apr-2022 12:05:49 Asia/Jakarta] PHP Warning:  Undefined variable $id_karyawan in D:\nial_app\akre\App\ark\ark.php on line 113
[07-Apr-2022 12:05:49 Asia/Jakarta] PHP Warning:  Undefined array key "upload" in D:\nial_app\akre\App\ark\aksi.php on line 5
[07-Apr-2022 12:05:50 Asia/Jakarta] PHP Warning:  Undefined variable $id_karyawan in D:\nial_app\akre\App\ark\ark.php on line 113
[07-Apr-2022 12:05:50 Asia/Jakarta] PHP Warning:  Undefined array key "upload" in D:\nial_app\akre\App\ark\aksi.php on line 5
[07-Apr-2022 12:05:51 Asia/Jakarta] PHP Warning:  Undefined variable $id_karyawan in D:\nial_app\akre\App\ark\ark.php on line 113
[07-Apr-2022 12:05:51 Asia/Jakarta] PHP Warning:  Undefined array key "upload" in D:\nial_app\akre\App\ark\aksi.php on line 5
[07-Apr-2022 12:05:51 Asia/Jakarta] PHP Warning:  Undefined variable $id_karyawan in D:\nial_app\akre\App\ark\ark.php on line 113
[07-Apr-2022 12:05:51 Asia/Jakarta] PHP Warning:  Undefined array key "upload" in D:\nial_app\akre\App\ark\aksi.php on line 5
[07-Apr-2022 12:05:52 Asia/Jakarta] PHP Warning:  Undefined variable $id_karyawan in D:\nial_app\akre\App\ark\ark.php on line 113
[07-Apr-2022 12:05:52 Asia/Jakarta] PHP Warning:  Undefined array key "upload" in D:\nial_app\akre\App\ark\aksi.php on line 5
[07-Apr-2022 12:05:53 Asia/Jakarta] PHP Warning:  Undefined variable $id_karyawan in D:\nial_app\akre\App\ark\ark.php on line 113
[07-Apr-2022 12:05:53 Asia/Jakarta] PHP Warning:  Undefined array key "upload" in D:\nial_app\akre\App\ark\aksi.php on line 5
[07-Apr-2022 12:05:53 Asia/Jakarta] PHP Warning:  Undefined variable $id_karyawan in D:\nial_app\akre\App\ark\ark.php on line 113
[07-Apr-2022 12:05:53 Asia/Jakarta] PHP Warning:  Undefined array key "upload" in D:\nial_app\akre\App\ark\aksi.php on line 5
[07-Apr-2022 12:05:53 Asia/Jakarta] PHP Warning:  Undefined variable $id_karyawan in D:\nial_app\akre\App\ark\ark.php on line 113
[07-Apr-2022 12:05:53 Asia/Jakarta] PHP Warning:  Undefined array key "upload" in D:\nial_app\akre\App\ark\aksi.php on line 5
[07-Apr-2022 12:05:54 Asia/Jakarta] PHP Warning:  Undefined variable $id_karyawan in D:\nial_app\akre\App\ark\ark.php on line 113
[07-Apr-2022 12:05:54 Asia/Jakarta] PHP Warning:  Undefined array key "upload" in D:\nial_app\akre\App\ark\aksi.php on line 5
[07-Apr-2022 12:05:55 Asia/Jakarta] PHP Warning:  Undefined variable $id_karyawan in D:\nial_app\akre\App\ark\ark.php on line 113
[07-Apr-2022 12:05:55 Asia/Jakarta] PHP Warning:  Undefined array key "upload" in D:\nial_app\akre\App\ark\aksi.php on line 5
[07-Apr-2022 12:05:55 Asia/Jakarta] PHP Warning:  Undefined variable $id_karyawan in D:\nial_app\akre\App\ark\ark.php on line 113
[07-Apr-2022 12:05:55 Asia/Jakarta] PHP Warning:  Undefined array key "upload" in D:\nial_app\akre\App\ark\aksi.php on line 5
[07-Apr-2022 12:05:56 Asia/Jakarta] PHP Warning:  Undefined variable $id_karyawan in D:\nial_app\akre\App\ark\ark.php on line 113
[07-Apr-2022 12:05:56 Asia/Jakarta] PHP Warning:  Undefined array key "upload" in D:\nial_app\akre\App\ark\aksi.php on line 5
[07-Apr-2022 12:05:58 Asia/Jakarta] PHP Warning:  Undefined variable $id_karyawan in D:\nial_app\akre\App\ark\ark.php on line 113
[07-Apr-2022 12:05:58 Asia/Jakarta] PHP Warning:  Undefined array key "upload" in D:\nial_app\akre\App\ark\aksi.php on line 5
[07-Apr-2022 12:06:05 Asia/Jakarta] PHP Warning:  Undefined variable $id_karyawan in D:\nial_app\akre\App\ark\ark.php on line 113
[09-Apr-2022 11:21:47 Asia/Jakarta] PHP Warning:  Undefined variable $id_karyawan in D:\nial_app\akre\App\ark\ark.php on line 113
[09-Apr-2022 11:22:18 Asia/Jakarta] PHP Warning:  Undefined variable $id_karyawan in D:\nial_app\akre\App\ark\ark.php on line 113
[09-Apr-2022 11:22:22 Asia/Jakarta] PHP Warning:  Undefined variable $id_karyawan in D:\nial_app\akre\App\ark\ark.php on line 113
[11-Apr-2022 08:23:12 Asia/Jakarta] PHP Warning:  Undefined variable $id_karyawan in D:\nial_app\akre\App\ark\ark.php on line 113
[11-Apr-2022 08:23:20 Asia/Jakarta] PHP Warning:  Undefined variable $id_karyawan in D:\nial_app\akre\App\ark\ark.php on line 113
[11-Apr-2022 08:23:26 Asia/Jakarta] PHP Warning:  Undefined variable $id_karyawan in D:\nial_app\akre\App\ark\ark.php on line 113
[11-Apr-2022 08:23:26 Asia/Jakarta] PHP Warning:  Undefined array key "upload" in D:\nial_app\akre\App\ark\aksi.php on line 5
[11-Apr-2022 08:23:32 Asia/Jakarta] PHP Warning:  Undefined variable $id_karyawan in D:\nial_app\akre\App\ark\ark.php on line 113
[11-Apr-2022 08:23:33 Asia/Jakarta] PHP Warning:  Undefined variable $id_karyawan in D:\nial_app\akre\App\ark\ark.php on line 113
[14-May-2022 09:28:08 Asia/Jakarta] PHP Warning:  Undefined variable $id_karyawan in D:\nial_app\akre\App\ark\ark.php on line 113
[20-May-2022 14:42:08 Asia/Jakarta] PHP Warning:  Undefined variable $id_karyawan in D:\nial_app\akre\App\ark\ark.php on line 113
[20-May-2022 14:42:11 Asia/Jakarta] PHP Warning:  Undefined variable $id_karyawan in D:\nial_app\akre\App\ark\ark.php on line 113
[20-May-2022 14:42:19 Asia/Jakarta] PHP Warning:  Undefined variable $id_karyawan in D:\nial_app\akre\App\ark\ark.php on line 113
[20-May-2022 14:42:21 Asia/Jakarta] PHP Warning:  Undefined variable $id_karyawan in D:\nial_app\akre\App\ark\ark.php on line 113
[20-May-2022 14:42:26 Asia/Jakarta] PHP Warning:  Undefined variable $id_karyawan in D:\nial_app\akre\App\ark\ark.php on line 113
[20-May-2022 14:42:29 Asia/Jakarta] PHP Warning:  Undefined variable $id_karyawan in D:\nial_app\akre\App\ark\ark.php on line 113
[20-May-2022 14:42:33 Asia/Jakarta] PHP Warning:  Undefined variable $id_karyawan in D:\nial_app\akre\App\ark\ark.php on line 113
[20-May-2022 14:42:54 Asia/Jakarta] PHP Warning:  Undefined variable $id_karyawan in D:\nial_app\akre\App\ark\ark.php on line 113
[20-May-2022 14:42:57 Asia/Jakarta] PHP Warning:  Undefined variable $id_karyawan in D:\nial_app\akre\App\ark\ark.php on line 113
[20-Jun-2022 09:08:20 Asia/Jakarta] PHP Fatal error:  Uncaught TypeError: sqlsrv_query(): Argument #1 ($conn) must be of type resource, bool given in D:\nial_app\akre\App\ark\ark.php:89
Stack trace:
#0 D:\nial_app\akre\App\ark\ark.php(89): sqlsrv_query(false, 'SELECT * FROM a...')
#1 {main}
  thrown in D:\nial_app\akre\App\ark\ark.php on line 89
[25-Jun-2022 08:59:43 Asia/Jakarta] PHP Fatal error:  Uncaught TypeError: sqlsrv_query(): Argument #1 ($conn) must be of type resource, bool given in D:\nial_app\akre\App\ark\ark.php:89
Stack trace:
#0 D:\nial_app\akre\App\ark\ark.php(89): sqlsrv_query(false, 'SELECT * FROM a...')
#1 {main}
  thrown in D:\nial_app\akre\App\ark\ark.php on line 89
